<?xml version="1.0" encoding="UTF-8"?>
<!-- Generated by org.testng.reporters.JUnitReportReporter -->
<testsuite name="com.selenium.sjzj.testcase.gzpz.SuiteTestGzpzYdy" tests="1" time="38.273" ignored="0" failures="0" timestamp="15 十二月 2018 07:32:45 GMT" skipped="0" hostname="wangmaoy" errors="0">
  <testcase name="testZydgzProcess" time="38.273" classname="com.selenium.sjzj.testcase.gzpz.SuiteTestGzpzYdy"/>
</testsuite> <!-- com.selenium.sjzj.testcase.gzpz.SuiteTestGzpzYdy -->
