<?xml version="1.0" encoding="UTF-8"?>
<testsuite xmlns:xsi="http://www.w3.org/2001/XMLSchema-instance" xsi:noNamespaceSchemaLocation="https://maven.apache.org/surefire/maven-surefire-plugin/xsd/surefire-test-report.xsd" name="TestSuite" time="124.555" tests="3" errors="0" skipped="0" failures="0">
  <properties>
    <property name="sun.desktop" value="windows"/>
    <property name="awt.toolkit" value="sun.awt.windows.WToolkit"/>
    <property name="file.encoding.pkg" value="sun.io"/>
    <property name="java.specification.version" value="1.8"/>
    <property name="sun.cpu.isalist" value="amd64"/>
    <property name="sun.jnu.encoding" value="GBK"/>
    <property name="java.class.path" value="F:\github\muke\AutoTest\SeleniumDemo\target\test-classes;F:\github\muke\AutoTest\SeleniumDemo\target\classes;D:\maven_repository\org\seleniumhq\selenium\selenium-java\3.14.0\selenium-java-3.14.0.jar;D:\maven_repository\org\seleniumhq\selenium\selenium-api\3.9.1\selenium-api-3.9.1.jar;D:\maven_repository\org\seleniumhq\selenium\selenium-chrome-driver\3.9.1\selenium-chrome-driver-3.9.1.jar;D:\maven_repository\com\google\code\gson\gson\2.8.5\gson-2.8.5.jar;D:\maven_repository\org\seleniumhq\selenium\selenium-edge-driver\3.9.1\selenium-edge-driver-3.9.1.jar;D:\maven_repository\org\seleniumhq\selenium\selenium-firefox-driver\3.9.1\selenium-firefox-driver-3.9.1.jar;D:\maven_repository\org\seleniumhq\selenium\selenium-ie-driver\3.9.1\selenium-ie-driver-3.9.1.jar;D:\maven_repository\org\seleniumhq\selenium\selenium-opera-driver\3.9.1\selenium-opera-driver-3.9.1.jar;D:\maven_repository\org\seleniumhq\selenium\selenium-remote-driver\3.9.1\selenium-remote-driver-3.9.1.jar;D:\maven_repository\org\seleniumhq\selenium\selenium-safari-driver\3.9.1\selenium-safari-driver-3.9.1.jar;D:\maven_repository\org\seleniumhq\selenium\selenium-support\3.9.1\selenium-support-3.9.1.jar;D:\maven_repository\net\bytebuddy\byte-buddy\1.7.11\byte-buddy-1.7.11.jar;D:\maven_repository\org\apache\commons\commons-exec\1.3\commons-exec-1.3.jar;D:\maven_repository\commons-codec\commons-codec\1.11\commons-codec-1.11.jar;D:\maven_repository\commons-logging\commons-logging\1.2\commons-logging-1.2.jar;D:\maven_repository\com\google\guava\guava\25.0-jre\guava-25.0-jre.jar;D:\maven_repository\com\google\code\findbugs\jsr305\1.3.9\jsr305-1.3.9.jar;D:\maven_repository\org\checkerframework\checker-compat-qual\2.0.0\checker-compat-qual-2.0.0.jar;D:\maven_repository\com\google\errorprone\error_prone_annotations\2.1.3\error_prone_annotations-2.1.3.jar;D:\maven_repository\com\google\j2objc\j2objc-annotations\1.1\j2objc-annotations-1.1.jar;D:\maven_repository\org\codehaus\mojo\animal-sniffer-annotations\1.14\animal-sniffer-annotations-1.14.jar;D:\maven_repository\org\apache\httpcomponents\httpclient\4.5.5\httpclient-4.5.5.jar;D:\maven_repository\org\apache\httpcomponents\httpcore\4.4.9\httpcore-4.4.9.jar;D:\maven_repository\com\squareup\okhttp3\okhttp\3.10.0\okhttp-3.10.0.jar;D:\maven_repository\com\squareup\okio\okio\1.14.1\okio-1.14.1.jar;D:\maven_repository\org\seleniumhq\selenium\selenium-server\3.14.0\selenium-server-3.14.0.jar;D:\maven_repository\com\beust\jcommander\1.72\jcommander-1.72.jar;D:\maven_repository\org\apache\commons\commons-lang3\3.7\commons-lang3-3.7.jar;D:\maven_repository\org\apache\commons\commons-text\1.1\commons-text-1.1.jar;D:\maven_repository\commons-io\commons-io\2.6\commons-io-2.6.jar;D:\maven_repository\commons-net\commons-net\3.6\commons-net-3.6.jar;D:\maven_repository\net\sourceforge\htmlunit\htmlunit\2.29\htmlunit-2.29.jar;D:\maven_repository\net\sourceforge\cssparser\cssparser\0.9.24\cssparser-0.9.24.jar;D:\maven_repository\org\w3c\css\sac\1.3\sac-1.3.jar;D:\maven_repository\net\sourceforge\htmlunit\htmlunit-core-js\2.28\htmlunit-core-js-2.28.jar;D:\maven_repository\net\sourceforge\htmlunit\htmlunit-cssparser\1.0.0\htmlunit-cssparser-1.0.0.jar;D:\maven_repository\net\sourceforge\htmlunit\neko-htmlunit\2.30\neko-htmlunit-2.30.jar;D:\maven_repository\org\apache\httpcomponents\httpmime\4.5.5\httpmime-4.5.5.jar;D:\maven_repository\net\jcip\jcip-annotations\1.0\jcip-annotations-1.0.jar;D:\maven_repository\org\seleniumhq\selenium\jetty-repacked\9.4.8.v20180619\jetty-repacked-9.4.8.v20180619.jar;D:\maven_repository\org\eclipse\jetty\jetty-client\9.4.11.v20180605\jetty-client-9.4.11.v20180605.jar;D:\maven_repository\org\eclipse\jetty\jetty-http\9.4.11.v20180605\jetty-http-9.4.11.v20180605.jar;D:\maven_repository\org\eclipse\jetty\jetty-io\9.4.11.v20180605\jetty-io-9.4.11.v20180605.jar;D:\maven_repository\org\eclipse\jetty\jetty-util\9.4.11.v20180605\jetty-util-9.4.11.v20180605.jar;D:\maven_repository\org\eclipse\jetty\jetty-xml\9.4.11.v20180605\jetty-xml-9.4.11.v20180605.jar;D:\maven_repository\org\seleniumhq\selenium\htmlunit-driver\2.29.3\htmlunit-driver-2.29.3.jar;D:\maven_repository\javax\servlet\javax.servlet-api\3.1.0\javax.servlet-api-3.1.0.jar;D:\maven_repository\org\eclipse\jetty\websocket\websocket-api\9.4.11.v20180605\websocket-api-9.4.11.v20180605.jar;D:\maven_repository\org\eclipse\jetty\websocket\websocket-client\9.4.11.v20180605\websocket-client-9.4.11.v20180605.jar;D:\maven_repository\org\eclipse\jetty\websocket\websocket-common\9.4.11.v20180605\websocket-common-9.4.11.v20180605.jar;D:\maven_repository\xalan\serializer\2.7.2\serializer-2.7.2.jar;D:\maven_repository\xalan\xalan\2.7.2\xalan-2.7.2.jar;D:\maven_repository\xerces\xercesImpl\2.11.0\xercesImpl-2.11.0.jar;D:\maven_repository\xml-apis\xml-apis\1.4.01\xml-apis-1.4.01.jar;D:\maven_repository\org\yaml\snakeyaml\1.19\snakeyaml-1.19.jar;D:\maven_repository\org\testng\testng\6.10\testng-6.10.jar;D:\maven_repository\com\alibaba\fastjson\1.2.49\fastjson-1.2.49.jar;D:\maven_repository\org\postgresql\postgresql\42.2.5\postgresql-42.2.5.jar;D:\maven_repository\net\sf\saxon\saxon\8.7\saxon-8.7.jar;D:\maven_repository\org\apache\maven\surefire\surefire-testng-utils\2.21.0\surefire-testng-utils-2.21.0.jar;D:\maven_repository\org\apache\maven\surefire\surefire-grouper\2.21.0\surefire-grouper-2.21.0.jar;"/>
    <property name="java.vm.vendor" value="Oracle Corporation"/>
    <property name="sun.arch.data.model" value="64"/>
    <property name="user.variant" value=""/>
    <property name="java.vendor.url" value="http://java.oracle.com/"/>
    <property name="user.timezone" value="Asia/Shanghai"/>
    <property name="java.vm.specification.version" value="1.8"/>
    <property name="os.name" value="Windows 7"/>
    <property name="user.country" value="CN"/>
    <property name="sun.java.launcher" value="SUN_STANDARD"/>
    <property name="sun.boot.library.path" value="D:\Program\jdk1.8\jre\bin"/>
    <property name="sun.java.command" value="C:\Users\wangmaoy\AppData\Local\Temp\surefire2966186171623200717\surefirebooter5126286913772224842.jar C:\Users\wangmaoy\AppData\Local\Temp\surefire2966186171623200717 2018-12-15T15-30-39_190-jvmRun1 surefire1003661626131951491tmp surefire_0183623494504443231tmp"/>
    <property name="surefire.test.class.path" value="F:\github\muke\AutoTest\SeleniumDemo\target\test-classes;F:\github\muke\AutoTest\SeleniumDemo\target\classes;D:\maven_repository\org\seleniumhq\selenium\selenium-java\3.14.0\selenium-java-3.14.0.jar;D:\maven_repository\org\seleniumhq\selenium\selenium-api\3.9.1\selenium-api-3.9.1.jar;D:\maven_repository\org\seleniumhq\selenium\selenium-chrome-driver\3.9.1\selenium-chrome-driver-3.9.1.jar;D:\maven_repository\com\google\code\gson\gson\2.8.5\gson-2.8.5.jar;D:\maven_repository\org\seleniumhq\selenium\selenium-edge-driver\3.9.1\selenium-edge-driver-3.9.1.jar;D:\maven_repository\org\seleniumhq\selenium\selenium-firefox-driver\3.9.1\selenium-firefox-driver-3.9.1.jar;D:\maven_repository\org\seleniumhq\selenium\selenium-ie-driver\3.9.1\selenium-ie-driver-3.9.1.jar;D:\maven_repository\org\seleniumhq\selenium\selenium-opera-driver\3.9.1\selenium-opera-driver-3.9.1.jar;D:\maven_repository\org\seleniumhq\selenium\selenium-remote-driver\3.9.1\selenium-remote-driver-3.9.1.jar;D:\maven_repository\org\seleniumhq\selenium\selenium-safari-driver\3.9.1\selenium-safari-driver-3.9.1.jar;D:\maven_repository\org\seleniumhq\selenium\selenium-support\3.9.1\selenium-support-3.9.1.jar;D:\maven_repository\net\bytebuddy\byte-buddy\1.7.11\byte-buddy-1.7.11.jar;D:\maven_repository\org\apache\commons\commons-exec\1.3\commons-exec-1.3.jar;D:\maven_repository\commons-codec\commons-codec\1.11\commons-codec-1.11.jar;D:\maven_repository\commons-logging\commons-logging\1.2\commons-logging-1.2.jar;D:\maven_repository\com\google\guava\guava\25.0-jre\guava-25.0-jre.jar;D:\maven_repository\com\google\code\findbugs\jsr305\1.3.9\jsr305-1.3.9.jar;D:\maven_repository\org\checkerframework\checker-compat-qual\2.0.0\checker-compat-qual-2.0.0.jar;D:\maven_repository\com\google\errorprone\error_prone_annotations\2.1.3\error_prone_annotations-2.1.3.jar;D:\maven_repository\com\google\j2objc\j2objc-annotations\1.1\j2objc-annotations-1.1.jar;D:\maven_repository\org\codehaus\mojo\animal-sniffer-annotations\1.14\animal-sniffer-annotations-1.14.jar;D:\maven_repository\org\apache\httpcomponents\httpclient\4.5.5\httpclient-4.5.5.jar;D:\maven_repository\org\apache\httpcomponents\httpcore\4.4.9\httpcore-4.4.9.jar;D:\maven_repository\com\squareup\okhttp3\okhttp\3.10.0\okhttp-3.10.0.jar;D:\maven_repository\com\squareup\okio\okio\1.14.1\okio-1.14.1.jar;D:\maven_repository\org\seleniumhq\selenium\selenium-server\3.14.0\selenium-server-3.14.0.jar;D:\maven_repository\com\beust\jcommander\1.72\jcommander-1.72.jar;D:\maven_repository\org\apache\commons\commons-lang3\3.7\commons-lang3-3.7.jar;D:\maven_repository\org\apache\commons\commons-text\1.1\commons-text-1.1.jar;D:\maven_repository\commons-io\commons-io\2.6\commons-io-2.6.jar;D:\maven_repository\commons-net\commons-net\3.6\commons-net-3.6.jar;D:\maven_repository\net\sourceforge\htmlunit\htmlunit\2.29\htmlunit-2.29.jar;D:\maven_repository\net\sourceforge\cssparser\cssparser\0.9.24\cssparser-0.9.24.jar;D:\maven_repository\org\w3c\css\sac\1.3\sac-1.3.jar;D:\maven_repository\net\sourceforge\htmlunit\htmlunit-core-js\2.28\htmlunit-core-js-2.28.jar;D:\maven_repository\net\sourceforge\htmlunit\htmlunit-cssparser\1.0.0\htmlunit-cssparser-1.0.0.jar;D:\maven_repository\net\sourceforge\htmlunit\neko-htmlunit\2.30\neko-htmlunit-2.30.jar;D:\maven_repository\org\apache\httpcomponents\httpmime\4.5.5\httpmime-4.5.5.jar;D:\maven_repository\net\jcip\jcip-annotations\1.0\jcip-annotations-1.0.jar;D:\maven_repository\org\seleniumhq\selenium\jetty-repacked\9.4.8.v20180619\jetty-repacked-9.4.8.v20180619.jar;D:\maven_repository\org\eclipse\jetty\jetty-client\9.4.11.v20180605\jetty-client-9.4.11.v20180605.jar;D:\maven_repository\org\eclipse\jetty\jetty-http\9.4.11.v20180605\jetty-http-9.4.11.v20180605.jar;D:\maven_repository\org\eclipse\jetty\jetty-io\9.4.11.v20180605\jetty-io-9.4.11.v20180605.jar;D:\maven_repository\org\eclipse\jetty\jetty-util\9.4.11.v20180605\jetty-util-9.4.11.v20180605.jar;D:\maven_repository\org\eclipse\jetty\jetty-xml\9.4.11.v20180605\jetty-xml-9.4.11.v20180605.jar;D:\maven_repository\org\seleniumhq\selenium\htmlunit-driver\2.29.3\htmlunit-driver-2.29.3.jar;D:\maven_repository\javax\servlet\javax.servlet-api\3.1.0\javax.servlet-api-3.1.0.jar;D:\maven_repository\org\eclipse\jetty\websocket\websocket-api\9.4.11.v20180605\websocket-api-9.4.11.v20180605.jar;D:\maven_repository\org\eclipse\jetty\websocket\websocket-client\9.4.11.v20180605\websocket-client-9.4.11.v20180605.jar;D:\maven_repository\org\eclipse\jetty\websocket\websocket-common\9.4.11.v20180605\websocket-common-9.4.11.v20180605.jar;D:\maven_repository\xalan\serializer\2.7.2\serializer-2.7.2.jar;D:\maven_repository\xalan\xalan\2.7.2\xalan-2.7.2.jar;D:\maven_repository\xerces\xercesImpl\2.11.0\xercesImpl-2.11.0.jar;D:\maven_repository\xml-apis\xml-apis\1.4.01\xml-apis-1.4.01.jar;D:\maven_repository\org\yaml\snakeyaml\1.19\snakeyaml-1.19.jar;D:\maven_repository\org\testng\testng\6.10\testng-6.10.jar;D:\maven_repository\com\alibaba\fastjson\1.2.49\fastjson-1.2.49.jar;D:\maven_repository\org\postgresql\postgresql\42.2.5\postgresql-42.2.5.jar;D:\maven_repository\net\sf\saxon\saxon\8.7\saxon-8.7.jar;D:\maven_repository\org\apache\maven\surefire\surefire-testng-utils\2.21.0\surefire-testng-utils-2.21.0.jar;D:\maven_repository\org\apache\maven\surefire\surefire-grouper\2.21.0\surefire-grouper-2.21.0.jar;"/>
    <property name="sun.cpu.endian" value="little"/>
    <property name="user.home" value="C:\Users\wangmaoy"/>
    <property name="user.language" value="zh"/>
    <property name="java.specification.vendor" value="Oracle Corporation"/>
    <property name="java.home" value="D:\Program\jdk1.8\jre"/>
    <property name="basedir" value="F:\github\muke\AutoTest\SeleniumDemo"/>
    <property name="file.separator" value="\"/>
    <property name="line.separator" value="&#10;"/>
    <property name="java.vm.specification.vendor" value="Oracle Corporation"/>
    <property name="java.specification.name" value="Java Platform API Specification"/>
    <property name="java.awt.graphicsenv" value="sun.awt.Win32GraphicsEnvironment"/>
    <property name="surefire.real.class.path" value="C:\Users\wangmaoy\AppData\Local\Temp\surefire2966186171623200717\surefirebooter5126286913772224842.jar"/>
    <property name="sun.boot.class.path" value="D:\Program\jdk1.8\jre\lib\resources.jar;D:\Program\jdk1.8\jre\lib\rt.jar;D:\Program\jdk1.8\jre\lib\sunrsasign.jar;D:\Program\jdk1.8\jre\lib\jsse.jar;D:\Program\jdk1.8\jre\lib\jce.jar;D:\Program\jdk1.8\jre\lib\charsets.jar;D:\Program\jdk1.8\jre\lib\jfr.jar;D:\Program\jdk1.8\jre\classes"/>
    <property name="user.script" value=""/>
    <property name="sun.management.compiler" value="HotSpot 64-Bit Tiered Compilers"/>
    <property name="java.runtime.version" value="1.8.0_51-b16"/>
    <property name="user.name" value="wangmaoy"/>
    <property name="path.separator" value=";"/>
    <property name="os.version" value="6.1"/>
    <property name="java.endorsed.dirs" value="D:\Program\jdk1.8\jre\lib\endorsed"/>
    <property name="java.runtime.name" value="Java(TM) SE Runtime Environment"/>
    <property name="file.encoding" value="GBK"/>
    <property name="java.vm.name" value="Java HotSpot(TM) 64-Bit Server VM"/>
    <property name="localRepository" value="D:\maven_repository"/>
    <property name="java.vendor.url.bug" value="http://bugreport.sun.com/bugreport/"/>
    <property name="java.io.tmpdir" value="C:\Users\wangmaoy\AppData\Local\Temp\"/>
    <property name="java.version" value="1.8.0_51"/>
    <property name="user.dir" value="F:\github\muke\AutoTest\SeleniumDemo"/>
    <property name="os.arch" value="amd64"/>
    <property name="java.vm.specification.name" value="Java Virtual Machine Specification"/>
    <property name="java.awt.printerjob" value="sun.awt.windows.WPrinterJob"/>
    <property name="sun.os.patch.level" value="Service Pack 1"/>
    <property name="java.library.path" value="D:\Program\jdk1.8\jre\bin;C:\Windows\Sun\Java\bin;C:\Windows\system32;C:\Windows;D:\Program\tools\maven3.2.5/bin;D:\Program\jdk1.8/bin;D:\Program\jdk1.8/bin;C:\ProgramData\Oracle\Java\javapath;C:\Python27\;C:\Python27\Scripts;C:\Program Files (x86)\NVIDIA Corporation\PhysX\Common;C:\Program Files (x86)\Common Files\NetSarang;D:\Program\sybase\JS-12_5\bin;D:\Program\sybase\OCS-12_5\lib3p;D:\Program\sybase\OCS-12_5\dll;D:\Program\sybase\OCS-12_5\bin;C:\Windows\system32;C:\Windows;C:\Windows\System32\Wbem;C:\Windows\System32\WindowsPowerShell\v1.0\;D:\Program\TortoiseSVN\bin;D:\Program\jdk1.8\bin;D:\Program\jdk1.8\jre\bin;C:\Program Files\Git\cmd;C:\Program Files\TortoiseGit\bin;D:\Program\GROOVY~1.0\bin.;D:\Program\jdk1.8\bin;D:\Program\jdk1.8\jre\bin;D:\apache-tomcat-7.0.82\bin;D:\Program\tools\maven3.2.5\bin;C:\Program Files\MySQL\MySQL Utilities 1.6\;D:\Program\Jmeter+ant+jenkins\apache-jmeter-3.0\bin;D:\Program\Jmeter+ant+jenkins\apache-ant-1.9.7\bin;D:\Program\android-sdk\build-tools\28.0.0;D:\Program\android-sdk\tools;D:\Program\android-sdk\platform-tools;."/>
    <property name="java.vm.info" value="mixed mode"/>
    <property name="java.vendor" value="Oracle Corporation"/>
    <property name="java.vm.version" value="25.51-b03"/>
    <property name="java.ext.dirs" value="D:\Program\jdk1.8\jre\lib\ext;C:\Windows\Sun\Java\lib\ext"/>
    <property name="sun.io.unicode.encoding" value="UnicodeLittle"/>
    <property name="java.class.version" value="52.0"/>
  </properties>
  <testcase name="testLogin" classname="com.selenium.sjzj.testcase.SuiteTestLogin" time="5.353"/>
  <testcase name="testZydgzProcess" classname="com.selenium.sjzj.testcase.gzpz.SuiteTestGzpzZdy" time="23.596"/>
  <testcase name="testZydgzProcess" classname="com.selenium.sjzj.testcase.gzpz.SuiteTestGzpzYdy" time="38.274"/>
</testsuite>