<?xml version="1.0" encoding="UTF-8"?>
<!-- Generated by org.testng.reporters.JUnitReportReporter -->
<testsuite name="com.tester.cases.GetUserInfoTest" tests="1" time="0.000" ignored="0" failures="0" timestamp="12 十月 2018 10:06:42 GMT" skipped="1" hostname="wangmaoy" errors="0">
  <testcase name="getUserInfo" time="0.000" classname="com.tester.cases.GetUserInfoTest">
    <skipped/>
  </testcase> <!-- getUserInfo -->
</testsuite> <!-- com.tester.cases.GetUserInfoTest -->
