<?xml version="1.0" encoding="UTF-8"?>
<!-- Generated by org.testng.reporters.JUnitReportReporter -->
<testsuite name="com.tester.cases.AddUserTest" tests="1" time="0.000" ignored="0" failures="0" timestamp="12 十月 2018 10:06:42 GMT" skipped="1" hostname="wangmaoy" errors="0">
  <testcase name="addUser" time="0.000" classname="com.tester.cases.AddUserTest">
    <skipped/>
  </testcase> <!-- addUser -->
</testsuite> <!-- com.tester.cases.AddUserTest -->
