<?xml version="1.0" encoding="UTF-8" ?>
<testsuite tests="7" failures="2" name="TestSuite" time="5.363" errors="0" skipped="5">
  <properties>
    <property name="java.runtime.name" value="Java(TM) SE Runtime Environment"/>
    <property name="sun.boot.library.path" value="D:\Program\jdk1.8\jre\bin"/>
    <property name="java.vm.version" value="25.51-b03"/>
    <property name="java.vm.vendor" value="Oracle Corporation"/>
    <property name="java.vendor.url" value="http://java.oracle.com/"/>
    <property name="path.separator" value=";"/>
    <property name="java.vm.name" value="Java HotSpot(TM) 64-Bit Server VM"/>
    <property name="file.encoding.pkg" value="sun.io"/>
    <property name="user.script" value=""/>
    <property name="user.country" value="CN"/>
    <property name="sun.java.launcher" value="SUN_STANDARD"/>
    <property name="sun.os.patch.level" value="Service Pack 1"/>
    <property name="java.vm.specification.name" value="Java Virtual Machine Specification"/>
    <property name="user.dir" value="F:\github\muke\AutoTest\Chapter12"/>
    <property name="java.runtime.version" value="1.8.0_51-b16"/>
    <property name="java.awt.graphicsenv" value="sun.awt.Win32GraphicsEnvironment"/>
    <property name="basedir" value="F:\github\muke\AutoTest\Chapter12"/>
    <property name="java.endorsed.dirs" value="D:\Program\jdk1.8\jre\lib\endorsed"/>
    <property name="os.arch" value="amd64"/>
    <property name="surefire.real.class.path" value="F:\github\muke\AutoTest\Chapter12\target\surefire\surefirebooter2440596355711597901.jar"/>
    <property name="java.io.tmpdir" value="C:\Users\wangmaoy\AppData\Local\Temp\"/>
    <property name="line.separator" value="
"/>
    <property name="java.vm.specification.vendor" value="Oracle Corporation"/>
    <property name="user.variant" value=""/>
    <property name="os.name" value="Windows 7"/>
    <property name="sun.jnu.encoding" value="GBK"/>
    <property name="java.library.path" value="D:\Program\jdk1.8\jre\bin;C:\Windows\Sun\Java\bin;C:\Windows\system32;C:\Windows;C:\Program Files\Git\mingw64\bin;C:\Program Files\Git\usr\bin;C:\Users\wangmaoy\bin;C:\ProgramData\Oracle\Java\javapath;C:\Python27;C:\Python27\Scripts;C:\Program Files (x86)\NVIDIA Corporation\PhysX\Common;C:\Program Files (x86)\Common Files\NetSarang;D:\Program\sybase\JS-12_5\bin;D:\Program\sybase\OCS-12_5\lib3p;D:\Program\sybase\OCS-12_5\dll;D:\Program\sybase\OCS-12_5\bin;C:\Windows\system32;C:\Windows;C:\Windows\System32\Wbem;C:\Windows\System32\WindowsPowerShell\v1.0;D:\Program\TortoiseSVN\bin;D:\Program\Rational\common;D:\Program\jdk1.8\bin;D:\Program\jdk1.8\jre\bin;C:\Program Files\Git\cmd;C:\Program Files\TortoiseGit\bin;D:\Program\GROOVY~1.0\bin.;D:\Program\jdk1.8\bin;D:\Program\jdk1.8\jre\bin;D:\apache-tomcat-7.0.82\bin;D:\Program\tools\maven3.2.5\bin;C:\Program Files\MySQL\MySQL Utilities 1.6;D:\Program\Jmeter+ant+jenkins\apache-jmeter-3.0\bin;D:\Program\Jmeter+ant+jenkins\apache-ant-1.9.7\bin;D:\Program\android-sdk\build-tools\28.0.0;D:\Program\android-sdk\tools;D:\Program\android-sdk\platform-tools;."/>
    <property name="surefire.test.class.path" value="F:\github\muke\AutoTest\Chapter12\target\test-classes;F:\github\muke\AutoTest\Chapter12\target\classes;D:\maven_repository\org\apache\httpcomponents\httpclient\4.0.2\httpclient-4.0.2.jar;D:\maven_repository\org\apache\httpcomponents\httpcore\4.4.9\httpcore-4.4.9.jar;D:\maven_repository\commons-codec\commons-codec\1.11\commons-codec-1.11.jar;D:\maven_repository\org\testng\testng\6.10\testng-6.10.jar;D:\maven_repository\com\beust\jcommander\1.48\jcommander-1.48.jar;D:\maven_repository\org\json\json\20170516\json-20170516.jar;D:\maven_repository\org\mybatis\mybatis\3.4.4\mybatis-3.4.4.jar;D:\maven_repository\mysql\mysql-connector-java\5.1.6\mysql-connector-java-5.1.6.jar;D:\maven_repository\org\projectlombok\lombok\1.16.14\lombok-1.16.14.jar;D:\maven_repository\com\relevantcodes\extentreports\2.41.1\extentreports-2.41.1.jar;D:\maven_repository\org\jsoup\jsoup\1.8.3\jsoup-1.8.3.jar;D:\maven_repository\org\xerial\sqlite-jdbc\3.21.0.1\sqlite-jdbc-3.21.0.1.jar;D:\maven_repository\org\freemarker\freemarker\2.3.28\freemarker-2.3.28.jar;D:\maven_repository\org\mongodb\mongodb-driver\3.6.4\mongodb-driver-3.6.4.jar;D:\maven_repository\org\mongodb\bson\3.6.4\bson-3.6.4.jar;D:\maven_repository\org\mongodb\mongodb-driver-core\3.6.4\mongodb-driver-core-3.6.4.jar;D:\maven_repository\com\vimalselvam\testng-extentsreport\1.3.1\testng-extentsreport-1.3.1.jar;D:\maven_repository\com\google\guava\guava\20.0\guava-20.0.jar;D:\maven_repository\com\aventstack\extentreports\3.0.6\extentreports-3.0.6.jar;D:\maven_repository\org\apache\httpcomponents\httpmime\4.5.5\httpmime-4.5.5.jar;D:\maven_repository\commons-logging\commons-logging\1.2\commons-logging-1.2.jar;"/>
    <property name="java.specification.name" value="Java Platform API Specification"/>
    <property name="java.class.version" value="52.0"/>
    <property name="sun.management.compiler" value="HotSpot 64-Bit Tiered Compilers"/>
    <property name="os.version" value="6.1"/>
    <property name="user.home" value="C:\Users\wangmaoy"/>
    <property name="user.timezone" value="Asia/Shanghai"/>
    <property name="java.awt.printerjob" value="sun.awt.windows.WPrinterJob"/>
    <property name="java.specification.version" value="1.8"/>
    <property name="file.encoding" value="GBK"/>
    <property name="user.name" value="wangmaoy"/>
    <property name="java.class.path" value="F:\github\muke\AutoTest\Chapter12\target\test-classes;F:\github\muke\AutoTest\Chapter12\target\classes;D:\maven_repository\org\apache\httpcomponents\httpclient\4.0.2\httpclient-4.0.2.jar;D:\maven_repository\org\apache\httpcomponents\httpcore\4.4.9\httpcore-4.4.9.jar;D:\maven_repository\commons-codec\commons-codec\1.11\commons-codec-1.11.jar;D:\maven_repository\org\testng\testng\6.10\testng-6.10.jar;D:\maven_repository\com\beust\jcommander\1.48\jcommander-1.48.jar;D:\maven_repository\org\json\json\20170516\json-20170516.jar;D:\maven_repository\org\mybatis\mybatis\3.4.4\mybatis-3.4.4.jar;D:\maven_repository\mysql\mysql-connector-java\5.1.6\mysql-connector-java-5.1.6.jar;D:\maven_repository\org\projectlombok\lombok\1.16.14\lombok-1.16.14.jar;D:\maven_repository\com\relevantcodes\extentreports\2.41.1\extentreports-2.41.1.jar;D:\maven_repository\org\jsoup\jsoup\1.8.3\jsoup-1.8.3.jar;D:\maven_repository\org\xerial\sqlite-jdbc\3.21.0.1\sqlite-jdbc-3.21.0.1.jar;D:\maven_repository\org\freemarker\freemarker\2.3.28\freemarker-2.3.28.jar;D:\maven_repository\org\mongodb\mongodb-driver\3.6.4\mongodb-driver-3.6.4.jar;D:\maven_repository\org\mongodb\bson\3.6.4\bson-3.6.4.jar;D:\maven_repository\org\mongodb\mongodb-driver-core\3.6.4\mongodb-driver-core-3.6.4.jar;D:\maven_repository\com\vimalselvam\testng-extentsreport\1.3.1\testng-extentsreport-1.3.1.jar;D:\maven_repository\com\google\guava\guava\20.0\guava-20.0.jar;D:\maven_repository\com\aventstack\extentreports\3.0.6\extentreports-3.0.6.jar;D:\maven_repository\org\apache\httpcomponents\httpmime\4.5.5\httpmime-4.5.5.jar;D:\maven_repository\commons-logging\commons-logging\1.2\commons-logging-1.2.jar;"/>
    <property name="java.vm.specification.version" value="1.8"/>
    <property name="sun.arch.data.model" value="64"/>
    <property name="java.home" value="D:\Program\jdk1.8\jre"/>
    <property name="sun.java.command" value="F:\github\muke\AutoTest\Chapter12\target\surefire\surefirebooter2440596355711597901.jar F:\github\muke\AutoTest\Chapter12\target\surefire\surefire2098543415991660284tmp F:\github\muke\AutoTest\Chapter12\target\surefire\surefire2014026140530145968tmp"/>
    <property name="java.specification.vendor" value="Oracle Corporation"/>
    <property name="user.language" value="zh"/>
    <property name="awt.toolkit" value="sun.awt.windows.WToolkit"/>
    <property name="java.vm.info" value="mixed mode"/>
    <property name="java.version" value="1.8.0_51"/>
    <property name="java.ext.dirs" value="D:\Program\jdk1.8\jre\lib\ext;C:\Windows\Sun\Java\lib\ext"/>
    <property name="sun.boot.class.path" value="D:\Program\jdk1.8\jre\lib\resources.jar;D:\Program\jdk1.8\jre\lib\rt.jar;D:\Program\jdk1.8\jre\lib\sunrsasign.jar;D:\Program\jdk1.8\jre\lib\jsse.jar;D:\Program\jdk1.8\jre\lib\jce.jar;D:\Program\jdk1.8\jre\lib\charsets.jar;D:\Program\jdk1.8\jre\lib\jfr.jar;D:\Program\jdk1.8\jre\classes"/>
    <property name="java.vendor" value="Oracle Corporation"/>
    <property name="localRepository" value="D:\maven_repository"/>
    <property name="file.separator" value="\"/>
    <property name="java.vendor.url.bug" value="http://bugreport.sun.com/bugreport/"/>
    <property name="sun.cpu.endian" value="little"/>
    <property name="sun.io.unicode.encoding" value="UnicodeLittle"/>
    <property name="sun.desktop" value="windows"/>
    <property name="sun.cpu.isalist" value="amd64"/>
  </properties>
  <testcase classname="com.tester.cases.LoginTest" name="loginTrue" time="2.122">
    <failure message="Connection to http://localhost:8878 refused" type="org.apache.http.conn.HttpHostConnectException">org.apache.http.conn.HttpHostConnectException: Connection to http://localhost:8878 refused
	at org.apache.http.impl.conn.DefaultClientConnectionOperator.openConnection(DefaultClientConnectionOperator.java:159)
	at org.apache.http.impl.conn.AbstractPoolEntry.open(AbstractPoolEntry.java:149)
	at org.apache.http.impl.conn.AbstractPooledConnAdapter.open(AbstractPooledConnAdapter.java:108)
	at org.apache.http.impl.client.DefaultRequestDirector.execute(DefaultRequestDirector.java:415)
	at org.apache.http.impl.client.AbstractHttpClient.execute(AbstractHttpClient.java:641)
	at org.apache.http.impl.client.AbstractHttpClient.execute(AbstractHttpClient.java:576)
	at org.apache.http.impl.client.AbstractHttpClient.execute(AbstractHttpClient.java:554)
	at com.tester.cases.LoginTest.getResult(LoginTest.java:66)
	at com.tester.cases.LoginTest.loginTrue(LoginTest.java:37)
Caused by: java.net.ConnectException: Connection refused: connect
	at java.net.DualStackPlainSocketImpl.connect0(Native Method)
	at java.net.DualStackPlainSocketImpl.socketConnect(DualStackPlainSocketImpl.java:79)
	at java.net.AbstractPlainSocketImpl.doConnect(AbstractPlainSocketImpl.java:345)
	at java.net.AbstractPlainSocketImpl.connectToAddress(AbstractPlainSocketImpl.java:206)
	at java.net.AbstractPlainSocketImpl.connect(AbstractPlainSocketImpl.java:188)
	at java.net.PlainSocketImpl.connect(PlainSocketImpl.java:172)
	at java.net.SocksSocketImpl.connect(SocksSocketImpl.java:392)
	at java.net.Socket.connect(Socket.java:589)
	at org.apache.http.conn.scheme.PlainSocketFactory.connectSocket(PlainSocketFactory.java:123)
	at org.apache.http.impl.conn.DefaultClientConnectionOperator.openConnection(DefaultClientConnectionOperator.java:133)
	... 42 more
</failure>
    <system-out>@HL
@HL-------------------------------------------------------
@HL T E S T S
@HL-------------------------------------------------------
@SLRunning TestSuite
[TestNGContentHandler] [WARN] It is strongly recommended to add &quot;&lt;!DOCTYPE suite SYSTEM &quot;http://testng.org/testng-1.0.dtd&quot; &gt;&quot; at the top of your file, otherwise TestNG may fail or not work as expected.
LoginCase(id=1, userName=zhangsan, password=123456, expected=true)
http://localhost:8878/v1/login
</system-out>
  </testcase>
  <testcase classname="com.tester.cases.LoginTest" name="loginFalse" time="1.059">
    <failure message="Connection to http://localhost:8878 refused" type="org.apache.http.conn.HttpHostConnectException">org.apache.http.conn.HttpHostConnectException: Connection to http://localhost:8878 refused
	at org.apache.http.impl.conn.DefaultClientConnectionOperator.openConnection(DefaultClientConnectionOperator.java:159)
	at org.apache.http.impl.conn.AbstractPoolEntry.open(AbstractPoolEntry.java:149)
	at org.apache.http.impl.conn.AbstractPooledConnAdapter.open(AbstractPooledConnAdapter.java:108)
	at org.apache.http.impl.client.DefaultRequestDirector.execute(DefaultRequestDirector.java:415)
	at org.apache.http.impl.client.AbstractHttpClient.execute(AbstractHttpClient.java:641)
	at org.apache.http.impl.client.AbstractHttpClient.execute(AbstractHttpClient.java:576)
	at org.apache.http.impl.client.AbstractHttpClient.execute(AbstractHttpClient.java:554)
	at com.tester.cases.LoginTest.getResult(LoginTest.java:66)
	at com.tester.cases.LoginTest.loginFalse(LoginTest.java:48)
Caused by: java.net.ConnectException: Connection refused: connect
	at java.net.DualStackPlainSocketImpl.connect0(Native Method)
	at java.net.DualStackPlainSocketImpl.socketConnect(DualStackPlainSocketImpl.java:79)
	at java.net.AbstractPlainSocketImpl.doConnect(AbstractPlainSocketImpl.java:345)
	at java.net.AbstractPlainSocketImpl.connectToAddress(AbstractPlainSocketImpl.java:206)
	at java.net.AbstractPlainSocketImpl.connect(AbstractPlainSocketImpl.java:188)
	at java.net.PlainSocketImpl.connect(PlainSocketImpl.java:172)
	at java.net.SocksSocketImpl.connect(SocksSocketImpl.java:392)
	at java.net.Socket.connect(Socket.java:589)
	at org.apache.http.conn.scheme.PlainSocketFactory.connectSocket(PlainSocketFactory.java:123)
	at org.apache.http.impl.conn.DefaultClientConnectionOperator.openConnection(DefaultClientConnectionOperator.java:133)
	... 42 more
</failure>
    <system-out>LoginCase(id=2, userName=zhangsanerror, password=123, expected=false)
http://localhost:8878/v1/login
</system-out>
  </testcase>
  <testcase classname="com.tester.cases.AddUserTest" name="addUser" time="1.06">
    <skipped/>
  </testcase>
  <testcase classname="com.tester.cases.GetUserInfoTest" name="getUserInfo" time="1.063">
    <skipped/>
  </testcase>
  <testcase classname="com.tester.cases.UpdateUserInfoTest" name="updateUserInfo" time="1.064">
    <skipped/>
  </testcase>
  <testcase classname="com.tester.cases.UpdateUserInfoTest" name="deleteUser" time="1.064">
    <skipped/>
  </testcase>
  <testcase classname="com.tester.cases.GetUserInfoListTest" name="getUserListInfo" time="1.064">
    <skipped/>
  </testcase>
</testsuite>