<?xml version="1.0" encoding="UTF-8"?>
<!-- Generated by org.testng.reporters.JUnitReportReporter -->
<testsuite name="com.selenium.sjzj.testcase.SuiteTestLogin" tests="1" time="4.580" ignored="0" failures="0" timestamp="15 十二月 2018 03:44:31 GMT" skipped="0" hostname="wangmaoy" errors="0">
  <testcase name="testLogin" time="4.580" classname="com.selenium.sjzj.testcase.SuiteTestLogin"/>
</testsuite> <!-- com.selenium.sjzj.testcase.SuiteTestLogin -->
