<?xml version="1.0" encoding="UTF-8"?>
<!-- Generated by org.testng.reporters.JUnitReportReporter -->
<testsuite name="com.selenium.sjzj.testcase.gzpz.SuiteTestGzpzZdy" tests="1" time="22.757" ignored="0" failures="0" timestamp="15 十二月 2018 03:44:31 GMT" skipped="0" hostname="wangmaoy" errors="0">
  <testcase name="testZydgzProcess" time="22.757" classname="com.selenium.sjzj.testcase.gzpz.SuiteTestGzpzZdy"/>
</testsuite> <!-- com.selenium.sjzj.testcase.gzpz.SuiteTestGzpzZdy -->
